<?xml version="1.0" encoding="UTF-8"?>
<testsuite xmlns:xsi="http://www.w3.org/2001/XMLSchema-instance" xsi:noNamespaceSchemaLocation="https://maven.apache.org/surefire/maven-surefire-plugin/xsd/surefire-test-report.xsd" version="3.0.1" name="com.rpc.AppTest" time="0.078" tests="1" errors="0" skipped="0" failures="0">
  <properties>
    <property name="gopherProxySet" value="false"/>
    <property name="awt.toolkit" value="sun.lwawt.macosx.LWCToolkit"/>
    <property name="file.encoding.pkg" value="sun.io"/>
    <property name="java.specification.version" value="1.8"/>
    <property name="sun.cpu.isalist" value=""/>
    <property name="sun.jnu.encoding" value="UTF-8"/>
    <property name="java.class.path" value="/Users/stopping/stopping-code/rpc-self/rpc-api/target/test-classes:/Users/stopping/stopping-code/rpc-self/rpc-api/target/classes:/Users/stopping/.m2/repository/org/junit/jupiter/junit-jupiter-api/5.11.0/junit-jupiter-api-5.11.0.jar:/Users/stopping/.m2/repository/org/opentest4j/opentest4j/1.3.0/opentest4j-1.3.0.jar:/Users/stopping/.m2/repository/org/junit/platform/junit-platform-commons/1.11.0/junit-platform-commons-1.11.0.jar:/Users/stopping/.m2/repository/org/apiguardian/apiguardian-api/1.1.2/apiguardian-api-1.1.2.jar:/Users/stopping/.m2/repository/org/junit/jupiter/junit-jupiter-params/5.11.0/junit-jupiter-params-5.11.0.jar:/Users/stopping/.m2/repository/org/projectlombok/lombok/1.18.24/lombok-1.18.24.jar:"/>
    <property name="java.vm.vendor" value="Temurin"/>
    <property name="sun.arch.data.model" value="64"/>
    <property name="java.vendor.url" value="https://adoptium.net/"/>
    <property name="user.timezone" value=""/>
    <property name="java.vm.specification.version" value="1.8"/>
    <property name="os.name" value="Mac OS X"/>
    <property name="user.country" value="CN"/>
    <property name="sun.java.launcher" value="SUN_STANDARD"/>
    <property name="sun.boot.library.path" value="/Users/stopping/Library/Java/JavaVirtualMachines/adopt-openjdk-1.8.0_302/Contents/Home/jre/lib"/>
    <property name="sun.java.command" value="/Users/stopping/stopping-code/rpc-self/rpc-api/target/surefire/surefirebooter-20241217173354896_3.jar /Users/stopping/stopping-code/rpc-self/rpc-api/target/surefire 2024-12-17T17-33-54_609-jvmRun1 surefire-20241217173354896_1tmp surefire_0-20241217173354896_2tmp"/>
    <property name="http.nonProxyHosts" value="192.168.0.0/16|*.192.168.0.0/16|10.0.0.0/8|*.10.0.0.0/8|172.16.0.0/12|*.172.16.0.0/12|127.0.0.1|localhost|*.localhost|local|*.local"/>
    <property name="surefire.test.class.path" value="/Users/stopping/stopping-code/rpc-self/rpc-api/target/test-classes:/Users/stopping/stopping-code/rpc-self/rpc-api/target/classes:/Users/stopping/.m2/repository/org/junit/jupiter/junit-jupiter-api/5.11.0/junit-jupiter-api-5.11.0.jar:/Users/stopping/.m2/repository/org/opentest4j/opentest4j/1.3.0/opentest4j-1.3.0.jar:/Users/stopping/.m2/repository/org/junit/platform/junit-platform-commons/1.11.0/junit-platform-commons-1.11.0.jar:/Users/stopping/.m2/repository/org/apiguardian/apiguardian-api/1.1.2/apiguardian-api-1.1.2.jar:/Users/stopping/.m2/repository/org/junit/jupiter/junit-jupiter-params/5.11.0/junit-jupiter-params-5.11.0.jar:/Users/stopping/.m2/repository/org/projectlombok/lombok/1.18.24/lombok-1.18.24.jar:"/>
    <property name="sun.cpu.endian" value="little"/>
    <property name="user.home" value="/Users/stopping"/>
    <property name="user.language" value="zh"/>
    <property name="java.specification.vendor" value="Oracle Corporation"/>
    <property name="java.home" value="/Users/stopping/Library/Java/JavaVirtualMachines/adopt-openjdk-1.8.0_302/Contents/Home/jre"/>
    <property name="basedir" value="/Users/stopping/stopping-code/rpc-self/rpc-api"/>
    <property name="file.separator" value="/"/>
    <property name="line.separator" value="&#10;"/>
    <property name="java.vm.specification.vendor" value="Oracle Corporation"/>
    <property name="java.specification.name" value="Java Platform API Specification"/>
    <property name="java.awt.graphicsenv" value="sun.awt.CGraphicsEnvironment"/>
    <property name="surefire.real.class.path" value="/Users/stopping/stopping-code/rpc-self/rpc-api/target/surefire/surefirebooter-20241217173354896_3.jar"/>
    <property name="sun.boot.class.path" value="/Users/stopping/Library/Java/JavaVirtualMachines/adopt-openjdk-1.8.0_302/Contents/Home/jre/lib/resources.jar:/Users/stopping/Library/Java/JavaVirtualMachines/adopt-openjdk-1.8.0_302/Contents/Home/jre/lib/rt.jar:/Users/stopping/Library/Java/JavaVirtualMachines/adopt-openjdk-1.8.0_302/Contents/Home/jre/lib/sunrsasign.jar:/Users/stopping/Library/Java/JavaVirtualMachines/adopt-openjdk-1.8.0_302/Contents/Home/jre/lib/jsse.jar:/Users/stopping/Library/Java/JavaVirtualMachines/adopt-openjdk-1.8.0_302/Contents/Home/jre/lib/jce.jar:/Users/stopping/Library/Java/JavaVirtualMachines/adopt-openjdk-1.8.0_302/Contents/Home/jre/lib/charsets.jar:/Users/stopping/Library/Java/JavaVirtualMachines/adopt-openjdk-1.8.0_302/Contents/Home/jre/lib/jfr.jar:/Users/stopping/Library/Java/JavaVirtualMachines/adopt-openjdk-1.8.0_302/Contents/Home/jre/classes"/>
    <property name="sun.management.compiler" value="HotSpot 64-Bit Tiered Compilers"/>
    <property name="ftp.nonProxyHosts" value="192.168.0.0/16|*.192.168.0.0/16|10.0.0.0/8|*.10.0.0.0/8|172.16.0.0/12|*.172.16.0.0/12|127.0.0.1|localhost|*.localhost|local|*.local"/>
    <property name="java.runtime.version" value="1.8.0_302-b08"/>
    <property name="user.name" value="stopping"/>
    <property name="path.separator" value=":"/>
    <property name="os.version" value="10.16"/>
    <property name="java.endorsed.dirs" value="/Users/stopping/Library/Java/JavaVirtualMachines/adopt-openjdk-1.8.0_302/Contents/Home/jre/lib/endorsed"/>
    <property name="java.runtime.name" value="OpenJDK Runtime Environment"/>
    <property name="file.encoding" value="UTF-8"/>
    <property name="java.vm.name" value="OpenJDK 64-Bit Server VM"/>
    <property name="localRepository" value="/Users/stopping/.m2/repository"/>
    <property name="java.vendor.url.bug" value="https://github.com/adoptium/adoptium-support/issues"/>
    <property name="java.io.tmpdir" value="/var/folders/zg/zgz1ks9s3_xcq1k7rf0yc3f00000gp/T/"/>
    <property name="idea.version" value="2021.2"/>
    <property name="java.version" value="1.8.0_302"/>
    <property name="user.dir" value="/Users/stopping/stopping-code/rpc-self/rpc-api"/>
    <property name="os.arch" value="x86_64"/>
    <property name="java.vm.specification.name" value="Java Virtual Machine Specification"/>
    <property name="java.awt.printerjob" value="sun.lwawt.macosx.CPrinterJob"/>
    <property name="sun.os.patch.level" value="unknown"/>
    <property name="java.library.path" value="/Users/stopping/Library/Java/Extensions:/Library/Java/Extensions:/Network/Library/Java/Extensions:/System/Library/Java/Extensions:/usr/lib/java:."/>
    <property name="java.vm.info" value="mixed mode"/>
    <property name="java.vendor" value="Temurin"/>
    <property name="java.vm.version" value="25.302-b08"/>
    <property name="java.ext.dirs" value="/Users/stopping/Library/Java/Extensions:/Users/stopping/Library/Java/JavaVirtualMachines/adopt-openjdk-1.8.0_302/Contents/Home/jre/lib/ext:/Library/Java/Extensions:/Network/Library/Java/Extensions:/System/Library/Java/Extensions:/usr/lib/java"/>
    <property name="sun.io.unicode.encoding" value="UnicodeBig"/>
    <property name="java.class.version" value="52.0"/>
    <property name="socksNonProxyHosts" value="192.168.0.0/16|*.192.168.0.0/16|10.0.0.0/8|*.10.0.0.0/8|172.16.0.0/12|*.172.16.0.0/12|127.0.0.1|localhost|*.localhost|local|*.local"/>
  </properties>
  <testcase name="shouldAnswerWithTrue" classname="com.rpc.AppTest" time="0.043"/>
</testsuite>